<?xml version="1.0" encoding="UTF-8"?>
<testsuite xmlns:xsi="http://www.w3.org/2001/XMLSchema-instance" xsi:noNamespaceSchemaLocation="https://maven.apache.org/surefire/maven-surefire-plugin/xsd/surefire-test-report-3.0.xsd" version="3.0" name="com.inditex.product.controller.ProductControllerTest" time="1.922" tests="8" errors="0" skipped="0" failures="0">
  <properties>
[...]
</properties>
  <testcase name="getProductById_WithValidId_ShouldReturnProduct" classname="com.inditex.product.controller.ProductControllerTest" time="1.803">
    <system-err><![CDATA[WARNING: A Java agent has been loaded dynamically (C:\Users\mitle\.m2\repository\net\bytebuddy\byte-buddy-agent\1.14.10\byte-buddy-agent-1.14.10.jar)
WARNING: If a serviceability tool is in use, please run with -XX:+EnableDynamicAgentLoading to hide this warning
WARNING: If a serviceability tool is not in use, please run with -Djdk.instrument.traceUsage for more information
WARNING: Dynamic loading of agents will be disallowed by default in a future release
]]></system-err>
  </testcase>
  <testcase name="updateProduct_WithValidId_ShouldReturnUpdatedProduct" classname="com.inditex.product.controller.ProductControllerTest" time="0.011"/>
  <testcase name="createProduct_ShouldReturnCreatedProduct" classname="com.inditex.product.controller.ProductControllerTest" time="0.022"/>
  <testcase name="updateProduct_WithInvalidId_ShouldReturnNotFound" classname="com.inditex.product.controller.ProductControllerTest" time="0.006"/>
  <testcase name="getAllProducts_ShouldReturnListOfProducts" classname="com.inditex.product.controller.ProductControllerTest" time="0.005"/>
  <testcase name="deleteProduct_WithValidId_ShouldReturnNoContent" classname="com.inditex.product.controller.ProductControllerTest" time="0.006"/>
  <testcase name="getProductById_WithInvalidId_ShouldReturnNotFound" classname="com.inditex.product.controller.ProductControllerTest" time="0.003"/>
  <testcase name="deleteProduct_WithInvalidId_ShouldReturnNotFound" classname="com.inditex.product.controller.ProductControllerTest" time="0.003"/>
</testsuite>